build/outputs/logs/manifest-merger-debug-report.txt
-- Merging decision tree log ---
manifest
ADDED from src/main/AndroidManifest.xml:2:1-49:12
	xmlns:android
		ADDED from src/main/AndroidManifest.xml:2:11-69
	package
		ADDED from src/main/AndroidManifest.xml:3:5-38
	android:versionName
		ADDED from src/main/AndroidManifest.xml:5:5-30
		INJECTED from src/main/AndroidManifest.xml
		INJECTED from src/main/AndroidManifest.xml
	android:versionCode
		ADDED from src/main/AndroidManifest.xml:4:5-28
		INJECTED from src/main/AndroidManifest.xml
		INJECTED from src/main/AndroidManifest.xml
uses-permission#android.permission.INTERNET
ADDED from src/main/AndroidManifest.xml:7:5-67
	android:name
		ADDED from src/main/AndroidManifest.xml:7:22-64
uses-permission#android.permission.ACCESS_NETWORK_STATE
ADDED from src/main/AndroidManifest.xml:8:5-78
	android:name
		ADDED from src/main/AndroidManifest.xml:8:22-76
uses-permission#android.permission.ACCESS_FINE_LOCATION
ADDED from src/main/AndroidManifest.xml:9:5-79
	android:name
		ADDED from src/main/AndroidManifest.xml:9:22-76
uses-sdk
ADDED from src/main/AndroidManifest.xml:11:5-13:41
	android:targetSdkVersion
		ADDED from src/main/AndroidManifest.xml:13:9-38
		INJECTED from src/main/AndroidManifest.xml
		INJECTED from src/main/AndroidManifest.xml
	android:minSdkVersion
		ADDED from src/main/AndroidManifest.xml:12:9-35
		INJECTED from src/main/AndroidManifest.xml
		INJECTED from src/main/AndroidManifest.xml
application
ADDED from src/main/AndroidManifest.xml:15:5-47:19
	android:label
		ADDED from src/main/AndroidManifest.xml:19:9-41
	android:allowBackup
		ADDED from src/main/AndroidManifest.xml:17:9-35
	android:icon
		ADDED from src/main/AndroidManifest.xml:18:9-42
	android:theme
		ADDED from src/main/AndroidManifest.xml:20:9-45
	android:hardwareAccelerated
		ADDED from src/main/AndroidManifest.xml:21:9-44
	android:name
		ADDED from src/main/AndroidManifest.xml:16:9-28
activity#edu.davis.carbonflights.activity.MainActivity
ADDED from src/main/AndroidManifest.xml:22:9-30:20
	android:label
		ADDED from src/main/AndroidManifest.xml:24:13-45
	android:name
		ADDED from src/main/AndroidManifest.xml:23:13-50
intent-filter#android.intent.action.MAIN+android.intent.category.LAUNCHER
ADDED from src/main/AndroidManifest.xml:26:13-29:29
action#android.intent.action.MAIN
ADDED from src/main/AndroidManifest.xml:27:17-69
	android:name
		ADDED from src/main/AndroidManifest.xml:27:25-66
category#android.intent.category.LAUNCHER
ADDED from src/main/AndroidManifest.xml:28:17-77
	android:name
		ADDED from src/main/AndroidManifest.xml:28:27-74
activity#edu.davis.carbonflights.activity.ResultsActivity
ADDED from src/main/AndroidManifest.xml:31:9-34:20
	android:label
		ADDED from src/main/AndroidManifest.xml:33:13-36
	android:name
		ADDED from src/main/AndroidManifest.xml:32:13-53
activity#edu.davis.carbonflights.activity.DetailActivity
ADDED from src/main/AndroidManifest.xml:35:9-40:20
	android:label
		ADDED from src/main/AndroidManifest.xml:37:13-36
	android:theme
		ADDED from src/main/AndroidManifest.xml:39:13-59
	android:hardwareAccelerated
		ADDED from src/main/AndroidManifest.xml:38:13-47
	android:name
		ADDED from src/main/AndroidManifest.xml:36:13-52
activity#edu.davis.carbonflights.activity.EstimatesActivity
ADDED from src/main/AndroidManifest.xml:41:9-46:20
	android:label
		ADDED from src/main/AndroidManifest.xml:43:13-37
	android:theme
		ADDED from src/main/AndroidManifest.xml:45:13-59
	android:hardwareAccelerated
		ADDED from src/main/AndroidManifest.xml:44:13-47
	android:name
		ADDED from src/main/AndroidManifest.xml:42:13-55